c:\workspaces\neumont\first-year\csc196\week1\csc196gameenginee\x64\debug\engine.pdb
c:\workspaces\neumont\first-year\csc196\week1\csc196gameenginee\x64\debug\engine.idb
c:\workspaces\neumont\first-year\csc196\week1\csc196gameenginee\engine\x64\debug\text.obj
c:\workspaces\neumont\first-year\csc196\week1\csc196gameenginee\engine\x64\debug\scene.obj
c:\workspaces\neumont\first-year\csc196\week1\csc196gameenginee\engine\x64\debug\renderer.obj
c:\workspaces\neumont\first-year\csc196\week1\csc196gameenginee\engine\x64\debug\particlesystem.obj
c:\workspaces\neumont\first-year\csc196\week1\csc196gameenginee\engine\x64\debug\particle.obj
c:\workspaces\neumont\first-year\csc196\week1\csc196gameenginee\engine\x64\debug\model.obj
c:\workspaces\neumont\first-year\csc196\week1\csc196gameenginee\engine\x64\debug\input.obj
c:\workspaces\neumont\first-year\csc196\week1\csc196gameenginee\engine\x64\debug\font.obj
c:\workspaces\neumont\first-year\csc196\week1\csc196gameenginee\engine\x64\debug\etime.obj
c:\workspaces\neumont\first-year\csc196\week1\csc196gameenginee\engine\x64\debug\engine.obj
c:\workspaces\neumont\first-year\csc196\week1\csc196gameenginee\engine\x64\debug\audio.obj
c:\workspaces\neumont\first-year\csc196\week1\csc196gameenginee\engine\x64\debug\actor.obj
c:\workspaces\neumont\first-year\csc196\week1\csc196gameenginee\x64\debug\engine.lib
c:\workspaces\neumont\first-year\csc196\week1\csc196gameenginee\engine\x64\debug\engine.tlog\cl.command.1.tlog
c:\workspaces\neumont\first-year\csc196\week1\csc196gameenginee\engine\x64\debug\engine.tlog\cl.items.tlog
c:\workspaces\neumont\first-year\csc196\week1\csc196gameenginee\engine\x64\debug\engine.tlog\cl.read.1.tlog
c:\workspaces\neumont\first-year\csc196\week1\csc196gameenginee\engine\x64\debug\engine.tlog\cl.write.1.tlog
c:\workspaces\neumont\first-year\csc196\week1\csc196gameenginee\engine\x64\debug\engine.tlog\lib-link.read.1.tlog
c:\workspaces\neumont\first-year\csc196\week1\csc196gameenginee\engine\x64\debug\engine.tlog\lib-link.write.1.tlog
c:\workspaces\neumont\first-year\csc196\week1\csc196gameenginee\engine\x64\debug\engine.tlog\lib.command.1.tlog
