c:\workspaces\neumont\first-year\csc196\week1\csc196-gameengine\game\x64\debug\vc143.pdb
c:\workspaces\neumont\first-year\csc196\week1\csc196-gameengine\game\x64\debug\vc143.idb
c:\workspaces\neumont\first-year\csc196\week1\csc196-gameengine\game\x64\debug\player.obj
c:\workspaces\neumont\first-year\csc196\week1\csc196-gameengine\game\x64\debug\enemy.obj
c:\workspaces\neumont\first-year\csc196\week1\csc196-gameengine\game\x64\debug\main.obj
c:\workspaces\neumont\first-year\csc196\week1\csc196-gameengine\game\x64\debug\bullet.obj
c:\workspaces\neumont\first-year\csc196\week1\csc196-gameengine\game\x64\debug\gamedata.obj
c:\workspaces\neumont\first-year\csc196\week1\csc196-gameengine\game\x64\debug\pickup.obj
c:\workspaces\neumont\first-year\csc196\week1\csc196gameenginee\game\x64\debug\vc143.pdb
c:\workspaces\neumont\first-year\csc196\week1\csc196gameenginee\game\x64\debug\vc143.idb
c:\workspaces\neumont\first-year\csc196\week1\csc196gameenginee\game\x64\debug\player.obj
c:\workspaces\neumont\first-year\csc196\week1\csc196gameenginee\game\x64\debug\pickup.obj
c:\workspaces\neumont\first-year\csc196\week1\csc196gameenginee\game\x64\debug\main.obj
c:\workspaces\neumont\first-year\csc196\week1\csc196gameenginee\game\x64\debug\gamedata.obj
c:\workspaces\neumont\first-year\csc196\week1\csc196gameenginee\game\x64\debug\bullet.obj
c:\workspaces\neumont\first-year\csc196\week1\csc196-gameengine\x64\debug\game.exe
c:\workspaces\neumont\first-year\csc196\week1\csc196-gameengine\game\x64\debug\game.ilk
c:\workspaces\neumont\first-year\csc196\week1\csc196-gameengine\x64\debug\game.pdb
c:\workspaces\neumont\first-year\csc196\week1\csc196gameenginee\game\x64\debug\enemy.obj
c:\workspaces\neumont\first-year\csc196\week1\csc196gameenginee\game\x64\debug\game.ilk
c:\workspaces\neumont\first-year\csc196\week1\csc196gameenginee\game\x64\debug\game.tlog\cl.command.1.tlog
c:\workspaces\neumont\first-year\csc196\week1\csc196gameenginee\game\x64\debug\game.tlog\cl.items.tlog
c:\workspaces\neumont\first-year\csc196\week1\csc196gameenginee\game\x64\debug\game.tlog\cl.read.1.tlog
c:\workspaces\neumont\first-year\csc196\week1\csc196gameenginee\game\x64\debug\game.tlog\cl.write.1.tlog
c:\workspaces\neumont\first-year\csc196\week1\csc196gameenginee\game\x64\debug\game.tlog\link.command.1.tlog
c:\workspaces\neumont\first-year\csc196\week1\csc196gameenginee\game\x64\debug\game.tlog\link.read.1.tlog
c:\workspaces\neumont\first-year\csc196\week1\csc196gameenginee\game\x64\debug\game.tlog\link.write.1.tlog
